# JRE version: 7.0_17-b02
# Java VM: Java HotSpot(TM) 64-Bit Server VM (23.7-b01 mixed mode bsd-amd64 compressed oops)
Heap
 def new generation   total 7936K, used 5981K [0x00000007f2800000, 0x00000007f3090000, 0x00000007f54a0000)
  eden space 7104K,  72% used [0x00000007f2800000, 0x00000007f2d07430, 0x00000007f2ef0000)
  from space 832K, 100% used [0x00000007f2ef0000, 0x00000007f2fc0000, 0x00000007f2fc0000)
  to   space 832K,   0% used [0x00000007f2fc0000, 0x00000007f2fc0000, 0x00000007f3090000)
 tenured generation   total 17496K, used 12337K [0x00000007f54a0000, 0x00000007f65b6000, 0x00000007fae00000)
   the space 17496K,  70% used [0x00000007f54a0000, 0x00000007f60ac7b8, 0x00000007f60ac800, 0x00000007f65b6000)
 compacting perm gen  total 21248K, used 20663K [0x00000007fae00000, 0x00000007fc2c0000, 0x0000000800000000)
   the space 21248K,  97% used [0x00000007fae00000, 0x00000007fc22dd50, 0x00000007fc22de00, 0x00000007fc2c0000)
GC Heap History (10 events):
Event: 2.916 GC heap before
{Heap before GC invocations=34 (full 2):
 def new generation   total 4928K, used 4710K [0x00000007f2800000, 0x00000007f2d50000, 0x00000007f54a0000)
  eden space 4416K, 100% used [0x00000007f2800000, 0x00000007f2c50000, 0x00000007f2c50000)
  from space 512K,  57% used [0x00000007f2cd0000, 0x00000007f2d19928, 0x00000007f2d50000)
  to   space 512K,   0% used [0x00000007f2c50000, 0x00000007f2c50000, 0x00000007f2cd0000)
 tenured generation   total 10832K, used 10503K [0x00000007f54a0000, 0x00000007f5f34000, 0x00000007fae00000)
   the space 10832K,  96% used [0x00000007f54a0000, 0x00000007f5ee1ea8, 0x00000007f5ee2000, 0x00000007f5f34000)
 compacting perm gen  total 21248K, used 15694K [0x00000007fae00000, 0x00000007fc2c0000, 0x0000000800000000)
   the space 21248K,  73% used [0x00000007fae00000, 0x00000007fbd53bc0, 0x00000007fbd53c00, 0x00000007fc2c0000)
No shared spaces configured.
Event: 2.919 GC heap after
Heap after GC invocations=35 (full 2):
 def new generation   total 4928K, used 393K [0x00000007f2800000, 0x00000007f2d50000, 0x00000007f54a0000)
  eden space 4416K,   0% used [0x00000007f2800000, 0x00000007f2800000, 0x00000007f2c50000)
  from space 512K,  76% used [0x00000007f2c50000, 0x00000007f2cb26a0, 0x00000007f2cd0000)
  to   space 512K,   0% used [0x00000007f2cd0000, 0x00000007f2cd0000, 0x00000007f2d50000)
 tenured generation   total 10832K, used 10567K [0x00000007f54a0000, 0x00000007f5f34000, 0x00000007fae00000)
   the space 10832K,  97% used [0x00000007f54a0000, 0x00000007f5ef1ec0, 0x00000007f5ef2000, 0x00000007f5f34000)
 compacting perm gen  total 21248K, used 15694K [0x00000007fae00000, 0x00000007fc2c0000, 0x0000000800000000)
   the space 21248K,  73% used [0x00000007fae00000, 0x00000007fbd53bc0, 0x00000007fbd53c00, 0x00000007fc2c0000)
No shared spaces configured.
}
Event: 2.980 GC heap before
{Heap before GC invocations=35 (full 2):
 def new generation   total 4928K, used 4809K [0x00000007f2800000, 0x00000007f2d50000, 0x00000007f54a0000)
  eden space 4416K, 100% used [0x00000007f2800000, 0x00000007f2c50000, 0x00000007f2c50000)
  from space 512K,  76% used [0x00000007f2c50000, 0x00000007f2cb26a0, 0x00000007f2cd0000)
  to   space 512K,   0% used [0x00000007f2cd0000, 0x00000007f2cd0000, 0x00000007f2d50000)
 tenured generation   total 10832K, used 10567K [0x00000007f54a0000, 0x00000007f5f34000, 0x00000007fae00000)
   the space 10832K,  97% used [0x00000007f54a0000, 0x00000007f5ef1ec0, 0x00000007f5ef2000, 0x00000007f5f34000)
 compacting perm gen  total 21248K, used 15710K [0x00000007fae00000, 0x00000007fc2c0000, 0x0000000800000000)
   the space 21248K,  73% used [0x00000007fae00000, 0x00000007fbd57b78, 0x00000007fbd57c00, 0x00000007fc2c0000)
No shared spaces configured.
Event: 2.983 GC heap after
Heap after GC invocations=36 (full 2):
 def new generation   total 4928K, used 511K [0x00000007f2800000, 0x00000007f2d50000, 0x00000007f54a0000)
  eden space 4416K,   0% used [0x00000007f2800000, 0x00000007f2800000, 0x00000007f2c50000)
  from space 512K,  99% used [0x00000007f2cd0000, 0x00000007f2d4fff0, 0x00000007f2d50000)
  to   space 512K,   0% used [0x00000007f2c50000, 0x00000007f2c50000, 0x00000007f2cd0000)
 tenured generation   total 10832K, used 10796K [0x00000007f54a0000, 0x00000007f5f34000, 0x00000007fae00000)
   the space 10832K,  99% used [0x00000007f54a0000, 0x00000007f5f2b0f0, 0x00000007f5f2b200, 0x00000007f5f34000)
 compacting perm gen  total 21248K, used 15710K [0x00000007fae00000, 0x00000007fc2c0000, 0x0000000800000000)
   the space 21248K,  73% used [0x00000007fae00000, 0x00000007fbd57b78, 0x00000007fbd57c00, 0x00000007fc2c0000)
No shared spaces configured.
}
Event: 3.071 GC heap before
{Heap before GC invocations=36 (full 2):
 def new generation   total 4928K, used 4927K [0x00000007f2800000, 0x00000007f2d50000, 0x00000007f54a0000)
  eden space 4416K, 100% used [0x00000007f2800000, 0x00000007f2c50000, 0x00000007f2c50000)
  from space 512K,  99% used [0x00000007f2cd0000, 0x00000007f2d4fff0, 0x00000007f2d50000)
  to   space 512K,   0% used [0x00000007f2c50000, 0x00000007f2c50000, 0x00000007f2cd0000)
 tenured generation   total 10832K, used 10796K [0x00000007f54a0000, 0x00000007f5f34000, 0x00000007fae00000)
   the space 10832K,  99% used [0x00000007f54a0000, 0x00000007f5f2b0f0, 0x00000007f5f2b200, 0x00000007f5f34000)
 compacting perm gen  total 21248K, used 15783K [0x00000007fae00000, 0x00000007fc2c0000, 0x0000000800000000)
   the space 21248K,  74% used [0x00000007fae00000, 0x00000007fbd69e10, 0x00000007fbd6a000, 0x00000007fc2c0000)
No shared spaces configured.
Event: 3.138 GC heap after
Heap after GC invocations=37 (full 3):
 def new generation   total 7936K, used 0K [0x00000007f2800000, 0x00000007f3090000, 0x00000007f54a0000)
  eden space 7104K,   0% used [0x00000007f2800000, 0x00000007f2800000, 0x00000007f2ef0000)
  from space 832K,   0% used [0x00000007f2ef0000, 0x00000007f2ef0000, 0x00000007f2fc0000)
  to   space 832K,   0% used [0x00000007f2fc0000, 0x00000007f2fc0000, 0x00000007f3090000)
 tenured generation   total 17496K, used 10496K [0x00000007f54a0000, 0x00000007f65b6000, 0x00000007fae00000)
   the space 17496K,  59% used [0x00000007f54a0000, 0x00000007f5ee0308, 0x00000007f5ee0400, 0x00000007f65b6000)
 compacting perm gen  total 21248K, used 15783K [0x00000007fae00000, 0x00000007fc2c0000, 0x0000000800000000)
   the space 21248K,  74% used [0x00000007fae00000, 0x00000007fbd69e10, 0x00000007fbd6a000, 0x00000007fc2c0000)
No shared spaces configured.
}
Event: 3.317 GC heap before
{Heap before GC invocations=37 (full 3):
 def new generation   total 7936K, used 7104K [0x00000007f2800000, 0x00000007f3090000, 0x00000007f54a0000)
  eden space 7104K, 100% used [0x00000007f2800000, 0x00000007f2ef0000, 0x00000007f2ef0000)
  from space 832K,   0% used [0x00000007f2ef0000, 0x00000007f2ef0000, 0x00000007f2fc0000)
  to   space 832K,   0% used [0x00000007f2fc0000, 0x00000007f2fc0000, 0x00000007f3090000)
 tenured generation   total 17496K, used 10496K [0x00000007f54a0000, 0x00000007f65b6000, 0x00000007fae00000)
   the space 17496K,  59% used [0x00000007f54a0000, 0x00000007f5ee0308, 0x00000007f5ee0400, 0x00000007f65b6000)
 compacting perm gen  total 21248K, used 16986K [0x00000007fae00000, 0x00000007fc2c0000, 0x0000000800000000)
   the space 21248K,  79% used [0x00000007fae00000, 0x00000007fbe969d0, 0x00000007fbe96a00, 0x00000007fc2c0000)
No shared spaces configured.
Event: 3.325 GC heap after
Heap after GC invocations=38 (full 3):
 def new generation   total 7936K, used 831K [0x00000007f2800000, 0x00000007f3090000, 0x00000007f54a0000)
  eden space 7104K,   0% used [0x00000007f2800000, 0x00000007f2800000, 0x00000007f2ef0000)
  from space 832K,  99% used [0x00000007f2fc0000, 0x00000007f308fff8, 0x00000007f3090000)
  to   space 832K,   0% used [0x00000007f2ef0000, 0x00000007f2ef0000, 0x00000007f2fc0000)
 tenured generation   total 17496K, used 10878K [0x00000007f54a0000, 0x00000007f65b6000, 0x00000007fae00000)
   the space 17496K,  62% used [0x00000007f54a0000, 0x00000007f5f3fae8, 0x00000007f5f3fc00, 0x00000007f65b6000)
 compacting perm gen  total 21248K, used 16986K [0x00000007fae00000, 0x00000007fc2c0000, 0x0000000800000000)
   the space 21248K,  79% used [0x00000007fae00000, 0x00000007fbe969d0, 0x00000007fbe96a00, 0x00000007fc2c0000)
No shared spaces configured.
}
Event: 3.519 GC heap before
{Heap before GC invocations=38 (full 3):
 def new generation   total 7936K, used 7935K [0x00000007f2800000, 0x00000007f3090000, 0x00000007f54a0000)
  eden space 7104K, 100% used [0x00000007f2800000, 0x00000007f2ef0000, 0x00000007f2ef0000)
  from space 832K,  99% used [0x00000007f2fc0000, 0x00000007f308fff8, 0x00000007f3090000)
  to   space 832K,   0% used [0x00000007f2ef0000, 0x00000007f2ef0000, 0x00000007f2fc0000)
 tenured generation   total 17496K, used 10878K [0x00000007f54a0000, 0x00000007f65b6000, 0x00000007fae00000)
   the space 17496K,  62% used [0x00000007f54a0000, 0x00000007f5f3fae8, 0x00000007f5f3fc00, 0x00000007f65b6000)
 compacting perm gen  total 21248K, used 18902K [0x00000007fae00000, 0x00000007fc2c0000, 0x0000000800000000)
   the space 21248K,  88% used [0x00000007fae00000, 0x00000007fc075b60, 0x00000007fc075c00, 0x00000007fc2c0000)
No shared spaces configured.
Event: 3.528 GC heap after
Heap after GC invocations=39 (full 3):
 def new generation   total 7936K, used 832K [0x00000007f2800000, 0x00000007f3090000, 0x00000007f54a0000)
  eden space 7104K,   0% used [0x00000007f2800000, 0x00000007f2800000, 0x00000007f2ef0000)
  from space 832K, 100% used [0x00000007f2ef0000, 0x00000007f2fc0000, 0x00000007f2fc0000)
  to   space 832K,   0% used [0x00000007f2fc0000, 0x00000007f2fc0000, 0x00000007f3090000)
 tenured generation   total 17496K, used 12337K [0x00000007f54a0000, 0x00000007f65b6000, 0x00000007fae00000)
   the space 17496K,  70% used [0x00000007f54a0000, 0x00000007f60ac7b8, 0x00000007f60ac800, 0x00000007f65b6000)
 compacting perm gen  total 21248K, used 18902K [0x00000007fae00000, 0x00000007fc2c0000, 0x0000000800000000)
   the space 21248K,  88% used [0x00000007fae00000, 0x00000007fc075b60, 0x00000007fc075c00, 0x00000007fc2c0000)
No shared spaces configured.
}

